<?xml version="1.0" encoding="UTF-8"?>
<!-- Generated by org.testng.reporters.JUnitReportReporter -->
<testsuite hostname="LAPTOP-JG0P5LIF" failures="0" tests="1" name="tests.EcommLunch" time="6.645" errors="0" timestamp="2024-09-23T20:16:35 IST" skipped="0">
  <testcase classname="tests.EcommLunch" name="testSignUp" time="6.645"/>
  <system-out/>
</testsuite> <!-- tests.EcommLunch -->
